#
# There is insufficient memory for the Java Runtime Environment to continue.
# Native memory allocation (malloc) failed to allocate 39616 bytes for Chunk::new
# Possible reasons:
#   The system is out of physical RAM or swap space
#   The process is running with CompressedOops enabled, and the Java Heap may be blocking the growth of the native heap
# Possible solutions:
#   Reduce memory load on the system
#   Increase physical memory or swap space
#   Check if swap backing store is full
#   Decrease Java heap size (-Xmx/-Xms)
#   Decrease number of Java threads
#   Decrease Java thread stack sizes (-Xss)
#   Set larger code cache with -XX:ReservedCodeCacheSize=
#   JVM is running with Zero Based Compressed Oops mode in which the Java heap is
#     placed in the first 32GB address space. The Java Heap base address is the
#     maximum limit for the native heap growth. Please use -XX:HeapBaseMinAddress
#     to set the Java Heap base and to place the Java Heap above 32GB virtual address.
# This output file may be truncated or incomplete.
#
#  Out of Memory Error (arena.cpp:191), pid=13908, tid=13216
#
# JRE version: OpenJDK Runtime Environment (17.0.9) (build 17.0.9+0--11185874)
# Java VM: OpenJDK 64-Bit Server VM (17.0.9+0--11185874, mixed mode, tiered, compressed oops, compressed class ptrs, g1 gc, windows-amd64)
# No core dump will be written. Minidumps are not enabled by default on client versions of Windows
#

---------------  S U M M A R Y ------------

Command Line: org.jetbrains.kotlin.cli.jvm.K2JVMCompiler @C:\Users\ASUS GAMING\AndroidStudioProjects\MyDrafts\app\build\20241104_8381253162020575949.compiler.options

Host: Intel(R) Core(TM) i5-8300H CPU @ 2.30GHz, 8 cores, 15G,  Windows 11 , 64 bit Build 22621 (10.0.22621.3527)
Time: Mon Nov  4 17:49:11 2024  Windows 11 , 64 bit Build 22621 (10.0.22621.3527) elapsed time: 0.504212 seconds (0d 0h 0m 0s)

---------------  T H R E A D  ---------------

Current thread (0x0000027cf30c8050):  JavaThread "C2 CompilerThread0" daemon [_thread_in_native, id=13216, stack(0x0000009738900000,0x0000009738a00000)]


Current CompileTask:
C2:    504  498       4       java.lang.String::lastIndexOf (29 bytes)

Stack: [0x0000009738900000,0x0000009738a00000]
Native frames: (J=compiled Java code, j=interpreted, Vv=VM code, C=native code)
V  [jvm.dll+0x6886e9]
V  [jvm.dll+0x841e4a]
V  [jvm.dll+0x843a8e]
V  [jvm.dll+0x8440f3]
V  [jvm.dll+0x24c14f]
V  [jvm.dll+0xac44c]
V  [jvm.dll+0xaca9c]
V  [jvm.dll+0x2b376f]
V  [jvm.dll+0x590767]
V  [jvm.dll+0x226762]
V  [jvm.dll+0x21fa02]
V  [jvm.dll+0x21d0c1]
V  [jvm.dll+0x1a674d]
V  [jvm.dll+0x22d088]
V  [jvm.dll+0x22b1c0]
V  [jvm.dll+0x7f62f7]
V  [jvm.dll+0x7f06aa]
V  [jvm.dll+0x687565]
C  [ucrtbase.dll+0x29333]
C  [KERNEL32.DLL+0x1257d]
C  [ntdll.dll+0x5aa48]


---------------  P R O C E S S  ---------------

Threads class SMR info:
_java_thread_list=0x0000027cf3256cb0, length=13, elements={
0x0000027cd0229810, 0x0000027cf3064180, 0x0000027cf307f100, 0x0000027cf30c1240,
0x0000027cf30c1d10, 0x0000027cf30c28d0, 0x0000027cf30c72b0, 0x0000027cf30c8050,
0x0000027cf30c8b00, 0x0000027cf30cc430, 0x0000027cf322d580, 0x0000027cf3253020,
0x0000027cf3279020
}

Java Threads: ( => current thread )
  0x0000027cd0229810 JavaThread "main" [_thread_in_Java, id=13104, stack(0x0000009737800000,0x0000009737900000)]
  0x0000027cf3064180 JavaThread "Reference Handler" daemon [_thread_blocked, id=10452, stack(0x0000009738300000,0x0000009738400000)]
  0x0000027cf307f100 JavaThread "Finalizer" daemon [_thread_blocked, id=3364, stack(0x0000009738400000,0x0000009738500000)]
  0x0000027cf30c1240 JavaThread "Signal Dispatcher" daemon [_thread_blocked, id=5076, stack(0x0000009738500000,0x0000009738600000)]
  0x0000027cf30c1d10 JavaThread "Attach Listener" daemon [_thread_blocked, id=13196, stack(0x0000009738600000,0x0000009738700000)]
  0x0000027cf30c28d0 JavaThread "Service Thread" daemon [_thread_blocked, id=6824, stack(0x0000009738700000,0x0000009738800000)]
  0x0000027cf30c72b0 JavaThread "Monitor Deflation Thread" daemon [_thread_blocked, id=10232, stack(0x0000009738800000,0x0000009738900000)]
=>0x0000027cf30c8050 JavaThread "C2 CompilerThread0" daemon [_thread_in_native, id=13216, stack(0x0000009738900000,0x0000009738a00000)]
  0x0000027cf30c8b00 JavaThread "C1 CompilerThread0" daemon [_thread_blocked, id=9804, stack(0x0000009738a00000,0x0000009738b00000)]
  0x0000027cf30cc430 JavaThread "Sweeper thread" daemon [_thread_blocked, id=11964, stack(0x0000009738b00000,0x0000009738c00000)]
  0x0000027cf322d580 JavaThread "Notification Thread" daemon [_thread_blocked, id=13432, stack(0x0000009738c00000,0x0000009738d00000)]
  0x0000027cf3253020 JavaThread "Common-Cleaner" daemon [_thread_blocked, id=12996, stack(0x0000009738e00000,0x0000009738f00000)]
  0x0000027cf3279020 JavaThread "C2 CompilerThread1" daemon [_thread_blocked, id=10116, stack(0x0000009738f00000,0x0000009739000000)]

Other Threads:
  0x0000027cf305d120 VMThread "VM Thread" [stack: 0x0000009738200000,0x0000009738300000] [id=10548]
  0x0000027cf311d6a0 WatcherThread [stack: 0x0000009738d00000,0x0000009738e00000] [id=6644]
  0x0000027cd0297270 GCTaskThread "GC Thread#0" [stack: 0x0000009737d00000,0x0000009737e00000] [id=11604]
  0x0000027cd02a7f80 ConcurrentGCThread "G1 Main Marker" [stack: 0x0000009737e00000,0x0000009737f00000] [id=11312]
  0x0000027cd02a89a0 ConcurrentGCThread "G1 Conc#0" [stack: 0x0000009737f00000,0x0000009738000000] [id=13588]
  0x0000027ceea00ee0 ConcurrentGCThread "G1 Refine#0" [stack: 0x0000009738000000,0x0000009738100000] [id=1824]
  0x0000027ceea03920 ConcurrentGCThread "G1 Service" [stack: 0x0000009738100000,0x0000009738200000] [id=6292]

Threads with active compile tasks:
C2 CompilerThread0      519  498       4       java.lang.String::lastIndexOf (29 bytes)

VM state: not at safepoint (normal execution)

VM Mutex/Monitor currently owned by a thread: None

Heap address: 0x0000000702400000, size: 4060 MB, Compressed Oops mode: Zero based, Oop shift amount: 3

CDS archive(s) not mapped
Compressed class space mapped at: 0x0000000800000000-0x0000000840000000, reserved size: 1073741824
Narrow klass base: 0x0000000800000000, Narrow klass shift: 0, Narrow klass range: 0x40000000

GC Precious Log:
 CPUs: 8 total, 8 available
 Memory: 16236M
 Large Page Support: Disabled
 NUMA Support: Disabled
 Compressed Oops: Enabled (Zero based)
 Heap Region Size: 2M
 Heap Min Capacity: 8M
 Heap Initial Capacity: 254M
 Heap Max Capacity: 4060M
 Pre-touch: Disabled
 Parallel Workers: 8
 Concurrent Workers: 2
 Concurrent Refinement Workers: 8
 Periodic GC: Disabled

Heap:
 garbage-first heap   total 260096K, used 18432K [0x0000000702400000, 0x0000000800000000)
  region size 2048K, 9 young (18432K), 0 survivors (0K)
 Metaspace       used 11512K, committed 11648K, reserved 1114112K
  class space    used 1050K, committed 1152K, reserved 1048576K

Heap Regions: E=young(eden), S=young(survivor), O=old, HS=humongous(starts), HC=humongous(continues), CS=collection set, F=free, OA=open archive, CA=closed archive, TAMS=top-at-mark-start (previous, next)
|   0|0x0000000702400000, 0x0000000702600000, 0x0000000702600000|100%|HS|  |TAMS 0x0000000702400000, 0x0000000702400000| Complete 
|   1|0x0000000702600000, 0x0000000702800000, 0x0000000702800000|100%|HC|  |TAMS 0x0000000702600000, 0x0000000702600000| Complete 
|   2|0x0000000702800000, 0x0000000702800000, 0x0000000702a00000|  0%| F|  |TAMS 0x0000000702800000, 0x0000000702800000| Untracked 
|   3|0x0000000702a00000, 0x0000000702a00000, 0x0000000702c00000|  0%| F|  |TAMS 0x0000000702a00000, 0x0000000702a00000| Untracked 
|   4|0x0000000702c00000, 0x0000000702c00000, 0x0000000702e00000|  0%| F|  |TAMS 0x0000000702c00000, 0x0000000702c00000| Untracked 
|   5|0x0000000702e00000, 0x0000000702e00000, 0x0000000703000000|  0%| F|  |TAMS 0x0000000702e00000, 0x0000000702e00000| Untracked 
|   6|0x0000000703000000, 0x0000000703000000, 0x0000000703200000|  0%| F|  |TAMS 0x0000000703000000, 0x0000000703000000| Untracked 
|   7|0x0000000703200000, 0x0000000703200000, 0x0000000703400000|  0%| F|  |TAMS 0x0000000703200000, 0x0000000703200000| Untracked 
|   8|0x0000000703400000, 0x0000000703400000, 0x0000000703600000|  0%| F|  |TAMS 0x0000000703400000, 0x0000000703400000| Untracked 
|   9|0x0000000703600000, 0x0000000703600000, 0x0000000703800000|  0%| F|  |TAMS 0x0000000703600000, 0x0000000703600000| Untracked 
|  10|0x0000000703800000, 0x0000000703800000, 0x0000000703a00000|  0%| F|  |TAMS 0x0000000703800000, 0x0000000703800000| Untracked 
|  11|0x0000000703a00000, 0x0000000703a00000, 0x0000000703c00000|  0%| F|  |TAMS 0x0000000703a00000, 0x0000000703a00000| Untracked 
|  12|0x0000000703c00000, 0x0000000703c00000, 0x0000000703e00000|  0%| F|  |TAMS 0x0000000703c00000, 0x0000000703c00000| Untracked 
|  13|0x0000000703e00000, 0x0000000703e00000, 0x0000000704000000|  0%| F|  |TAMS 0x0000000703e00000, 0x0000000703e00000| Untracked 
|  14|0x0000000704000000, 0x0000000704000000, 0x0000000704200000|  0%| F|  |TAMS 0x0000000704000000, 0x0000000704000000| Untracked 
|  15|0x0000000704200000, 0x0000000704200000, 0x0000000704400000|  0%| F|  |TAMS 0x0000000704200000, 0x0000000704200000| Untracked 
|  16|0x0000000704400000, 0x0000000704400000, 0x0000000704600000|  0%| F|  |TAMS 0x0000000704400000, 0x0000000704400000| Untracked 
|  17|0x0000000704600000, 0x0000000704600000, 0x0000000704800000|  0%| F|  |TAMS 0x0000000704600000, 0x0000000704600000| Untracked 
|  18|0x0000000704800000, 0x0000000704800000, 0x0000000704a00000|  0%| F|  |TAMS 0x0000000704800000, 0x0000000704800000| Untracked 
|  19|0x0000000704a00000, 0x0000000704a00000, 0x0000000704c00000|  0%| F|  |TAMS 0x0000000704a00000, 0x0000000704a00000| Untracked 
|  20|0x0000000704c00000, 0x0000000704c00000, 0x0000000704e00000|  0%| F|  |TAMS 0x0000000704c00000, 0x0000000704c00000| Untracked 
|  21|0x0000000704e00000, 0x0000000704e00000, 0x0000000705000000|  0%| F|  |TAMS 0x0000000704e00000, 0x0000000704e00000| Untracked 
|  22|0x0000000705000000, 0x0000000705000000, 0x0000000705200000|  0%| F|  |TAMS 0x0000000705000000, 0x0000000705000000| Untracked 
|  23|0x0000000705200000, 0x0000000705200000, 0x0000000705400000|  0%| F|  |TAMS 0x0000000705200000, 0x0000000705200000| Untracked 
|  24|0x0000000705400000, 0x0000000705400000, 0x0000000705600000|  0%| F|  |TAMS 0x0000000705400000, 0x0000000705400000| Untracked 
|  25|0x0000000705600000, 0x0000000705600000, 0x0000000705800000|  0%| F|  |TAMS 0x0000000705600000, 0x0000000705600000| Untracked 
|  26|0x0000000705800000, 0x0000000705800000, 0x0000000705a00000|  0%| F|  |TAMS 0x0000000705800000, 0x0000000705800000| Untracked 
|  27|0x0000000705a00000, 0x0000000705a00000, 0x0000000705c00000|  0%| F|  |TAMS 0x0000000705a00000, 0x0000000705a00000| Untracked 
|  28|0x0000000705c00000, 0x0000000705c00000, 0x0000000705e00000|  0%| F|  |TAMS 0x0000000705c00000, 0x0000000705c00000| Untracked 
|  29|0x0000000705e00000, 0x0000000705e00000, 0x0000000706000000|  0%| F|  |TAMS 0x0000000705e00000, 0x0000000705e00000| Untracked 
|  30|0x0000000706000000, 0x0000000706000000, 0x0000000706200000|  0%| F|  |TAMS 0x0000000706000000, 0x0000000706000000| Untracked 
|  31|0x0000000706200000, 0x0000000706200000, 0x0000000706400000|  0%| F|  |TAMS 0x0000000706200000, 0x0000000706200000| Untracked 
|  32|0x0000000706400000, 0x0000000706400000, 0x0000000706600000|  0%| F|  |TAMS 0x0000000706400000, 0x0000000706400000| Untracked 
|  33|0x0000000706600000, 0x0000000706600000, 0x0000000706800000|  0%| F|  |TAMS 0x0000000706600000, 0x0000000706600000| Untracked 
|  34|0x0000000706800000, 0x0000000706800000, 0x0000000706a00000|  0%| F|  |TAMS 0x0000000706800000, 0x0000000706800000| Untracked 
|  35|0x0000000706a00000, 0x0000000706a00000, 0x0000000706c00000|  0%| F|  |TAMS 0x0000000706a00000, 0x0000000706a00000| Untracked 
|  36|0x0000000706c00000, 0x0000000706c00000, 0x0000000706e00000|  0%| F|  |TAMS 0x0000000706c00000, 0x0000000706c00000| Untracked 
|  37|0x0000000706e00000, 0x0000000706e00000, 0x0000000707000000|  0%| F|  |TAMS 0x0000000706e00000, 0x0000000706e00000| Untracked 
|  38|0x0000000707000000, 0x0000000707000000, 0x0000000707200000|  0%| F|  |TAMS 0x0000000707000000, 0x0000000707000000| Untracked 
|  39|0x0000000707200000, 0x0000000707200000, 0x0000000707400000|  0%| F|  |TAMS 0x0000000707200000, 0x0000000707200000| Untracked 
|  40|0x0000000707400000, 0x0000000707400000, 0x0000000707600000|  0%| F|  |TAMS 0x0000000707400000, 0x0000000707400000| Untracked 
|  41|0x0000000707600000, 0x0000000707600000, 0x0000000707800000|  0%| F|  |TAMS 0x0000000707600000, 0x0000000707600000| Untracked 
|  42|0x0000000707800000, 0x0000000707800000, 0x0000000707a00000|  0%| F|  |TAMS 0x0000000707800000, 0x0000000707800000| Untracked 
|  43|0x0000000707a00000, 0x0000000707a00000, 0x0000000707c00000|  0%| F|  |TAMS 0x0000000707a00000, 0x0000000707a00000| Untracked 
|  44|0x0000000707c00000, 0x0000000707c00000, 0x0000000707e00000|  0%| F|  |TAMS 0x0000000707c00000, 0x0000000707c00000| Untracked 
|  45|0x0000000707e00000, 0x0000000707e00000, 0x0000000708000000|  0%| F|  |TAMS 0x0000000707e00000, 0x0000000707e00000| Untracked 
|  46|0x0000000708000000, 0x0000000708000000, 0x0000000708200000|  0%| F|  |TAMS 0x0000000708000000, 0x0000000708000000| Untracked 
|  47|0x0000000708200000, 0x0000000708200000, 0x0000000708400000|  0%| F|  |TAMS 0x0000000708200000, 0x0000000708200000| Untracked 
|  48|0x0000000708400000, 0x0000000708400000, 0x0000000708600000|  0%| F|  |TAMS 0x0000000708400000, 0x0000000708400000| Untracked 
|  49|0x0000000708600000, 0x0000000708600000, 0x0000000708800000|  0%| F|  |TAMS 0x0000000708600000, 0x0000000708600000| Untracked 
|  50|0x0000000708800000, 0x0000000708800000, 0x0000000708a00000|  0%| F|  |TAMS 0x0000000708800000, 0x0000000708800000| Untracked 
|  51|0x0000000708a00000, 0x0000000708a00000, 0x0000000708c00000|  0%| F|  |TAMS 0x0000000708a00000, 0x0000000708a00000| Untracked 
|  52|0x0000000708c00000, 0x0000000708c00000, 0x0000000708e00000|  0%| F|  |TAMS 0x0000000708c00000, 0x0000000708c00000| Untracked 
|  53|0x0000000708e00000, 0x0000000708e00000, 0x0000000709000000|  0%| F|  |TAMS 0x0000000708e00000, 0x0000000708e00000| Untracked 
|  54|0x0000000709000000, 0x0000000709000000, 0x0000000709200000|  0%| F|  |TAMS 0x0000000709000000, 0x0000000709000000| Untracked 
|  55|0x0000000709200000, 0x0000000709200000, 0x0000000709400000|  0%| F|  |TAMS 0x0000000709200000, 0x0000000709200000| Untracked 
|  56|0x0000000709400000, 0x0000000709400000, 0x0000000709600000|  0%| F|  |TAMS 0x0000000709400000, 0x0000000709400000| Untracked 
|  57|0x0000000709600000, 0x0000000709600000, 0x0000000709800000|  0%| F|  |TAMS 0x0000000709600000, 0x0000000709600000| Untracked 
|  58|0x0000000709800000, 0x0000000709800000, 0x0000000709a00000|  0%| F|  |TAMS 0x0000000709800000, 0x0000000709800000| Untracked 
|  59|0x0000000709a00000, 0x0000000709a00000, 0x0000000709c00000|  0%| F|  |TAMS 0x0000000709a00000, 0x0000000709a00000| Untracked 
|  60|0x0000000709c00000, 0x0000000709c00000, 0x0000000709e00000|  0%| F|  |TAMS 0x0000000709c00000, 0x0000000709c00000| Untracked 
|  61|0x0000000709e00000, 0x0000000709e00000, 0x000000070a000000|  0%| F|  |TAMS 0x0000000709e00000, 0x0000000709e00000| Untracked 
|  62|0x000000070a000000, 0x000000070a000000, 0x000000070a200000|  0%| F|  |TAMS 0x000000070a000000, 0x000000070a000000| Untracked 
|  63|0x000000070a200000, 0x000000070a200000, 0x000000070a400000|  0%| F|  |TAMS 0x000000070a200000, 0x000000070a200000| Untracked 
|  64|0x000000070a400000, 0x000000070a400000, 0x000000070a600000|  0%| F|  |TAMS 0x000000070a400000, 0x000000070a400000| Untracked 
|  65|0x000000070a600000, 0x000000070a600000, 0x000000070a800000|  0%| F|  |TAMS 0x000000070a600000, 0x000000070a600000| Untracked 
|  66|0x000000070a800000, 0x000000070a800000, 0x000000070aa00000|  0%| F|  |TAMS 0x000000070a800000, 0x000000070a800000| Untracked 
|  67|0x000000070aa00000, 0x000000070aa00000, 0x000000070ac00000|  0%| F|  |TAMS 0x000000070aa00000, 0x000000070aa00000| Untracked 
|  68|0x000000070ac00000, 0x000000070ac00000, 0x000000070ae00000|  0%| F|  |TAMS 0x000000070ac00000, 0x000000070ac00000| Untracked 
|  69|0x000000070ae00000, 0x000000070ae00000, 0x000000070b000000|  0%| F|  |TAMS 0x000000070ae00000, 0x000000070ae00000| Untracked 
|  70|0x000000070b000000, 0x000000070b000000, 0x000000070b200000|  0%| F|  |TAMS 0x000000070b000000, 0x000000070b000000| Untracked 
|  71|0x000000070b200000, 0x000000070b200000, 0x000000070b400000|  0%| F|  |TAMS 0x000000070b200000, 0x000000070b200000| Untracked 
|  72|0x000000070b400000, 0x000000070b400000, 0x000000070b600000|  0%| F|  |TAMS 0x000000070b400000, 0x000000070b400000| Untracked 
|  73|0x000000070b600000, 0x000000070b600000, 0x000000070b800000|  0%| F|  |TAMS 0x000000070b600000, 0x000000070b600000| Untracked 
|  74|0x000000070b800000, 0x000000070b800000, 0x000000070ba00000|  0%| F|  |TAMS 0x000000070b800000, 0x000000070b800000| Untracked 
|  75|0x000000070ba00000, 0x000000070ba00000, 0x000000070bc00000|  0%| F|  |TAMS 0x000000070ba00000, 0x000000070ba00000| Untracked 
|  76|0x000000070bc00000, 0x000000070bc00000, 0x000000070be00000|  0%| F|  |TAMS 0x000000070bc00000, 0x000000070bc00000| Untracked 
|  77|0x000000070be00000, 0x000000070be00000, 0x000000070c000000|  0%| F|  |TAMS 0x000000070be00000, 0x000000070be00000| Untracked 
|  78|0x000000070c000000, 0x000000070c000000, 0x000000070c200000|  0%| F|  |TAMS 0x000000070c000000, 0x000000070c000000| Untracked 
|  79|0x000000070c200000, 0x000000070c200000, 0x000000070c400000|  0%| F|  |TAMS 0x000000070c200000, 0x000000070c200000| Untracked 
|  80|0x000000070c400000, 0x000000070c400000, 0x000000070c600000|  0%| F|  |TAMS 0x000000070c400000, 0x000000070c400000| Untracked 
|  81|0x000000070c600000, 0x000000070c600000, 0x000000070c800000|  0%| F|  |TAMS 0x000000070c600000, 0x000000070c600000| Untracked 
|  82|0x000000070c800000, 0x000000070c800000, 0x000000070ca00000|  0%| F|  |TAMS 0x000000070c800000, 0x000000070c800000| Untracked 
|  83|0x000000070ca00000, 0x000000070ca00000, 0x000000070cc00000|  0%| F|  |TAMS 0x000000070ca00000, 0x000000070ca00000| Untracked 
|  84|0x000000070cc00000, 0x000000070cc00000, 0x000000070ce00000|  0%| F|  |TAMS 0x000000070cc00000, 0x000000070cc00000| Untracked 
|  85|0x000000070ce00000, 0x000000070ce00000, 0x000000070d000000|  0%| F|  |TAMS 0x000000070ce00000, 0x000000070ce00000| Untracked 
|  86|0x000000070d000000, 0x000000070d000000, 0x000000070d200000|  0%| F|  |TAMS 0x000000070d000000, 0x000000070d000000| Untracked 
|  87|0x000000070d200000, 0x000000070d200000, 0x000000070d400000|  0%| F|  |TAMS 0x000000070d200000, 0x000000070d200000| Untracked 
|  88|0x000000070d400000, 0x000000070d400000, 0x000000070d600000|  0%| F|  |TAMS 0x000000070d400000, 0x000000070d400000| Untracked 
|  89|0x000000070d600000, 0x000000070d600000, 0x000000070d800000|  0%| F|  |TAMS 0x000000070d600000, 0x000000070d600000| Untracked 
|  90|0x000000070d800000, 0x000000070d800000, 0x000000070da00000|  0%| F|  |TAMS 0x000000070d800000, 0x000000070d800000| Untracked 
|  91|0x000000070da00000, 0x000000070da00000, 0x000000070dc00000|  0%| F|  |TAMS 0x000000070da00000, 0x000000070da00000| Untracked 
|  92|0x000000070dc00000, 0x000000070dc00000, 0x000000070de00000|  0%| F|  |TAMS 0x000000070dc00000, 0x000000070dc00000| Untracked 
|  93|0x000000070de00000, 0x000000070de00000, 0x000000070e000000|  0%| F|  |TAMS 0x000000070de00000, 0x000000070de00000| Untracked 
|  94|0x000000070e000000, 0x000000070e000000, 0x000000070e200000|  0%| F|  |TAMS 0x000000070e000000, 0x000000070e000000| Untracked 
|  95|0x000000070e200000, 0x000000070e200000, 0x000000070e400000|  0%| F|  |TAMS 0x000000070e200000, 0x000000070e200000| Untracked 
|  96|0x000000070e400000, 0x000000070e400000, 0x000000070e600000|  0%| F|  |TAMS 0x000000070e400000, 0x000000070e400000| Untracked 
|  97|0x000000070e600000, 0x000000070e600000, 0x000000070e800000|  0%| F|  |TAMS 0x000000070e600000, 0x000000070e600000| Untracked 
|  98|0x000000070e800000, 0x000000070e800000, 0x000000070ea00000|  0%| F|  |TAMS 0x000000070e800000, 0x000000070e800000| Untracked 
|  99|0x000000070ea00000, 0x000000070ea00000, 0x000000070ec00000|  0%| F|  |TAMS 0x000000070ea00000, 0x000000070ea00000| Untracked 
| 100|0x000000070ec00000, 0x000000070ec00000, 0x000000070ee00000|  0%| F|  |TAMS 0x000000070ec00000, 0x000000070ec00000| Untracked 
| 101|0x000000070ee00000, 0x000000070ee00000, 0x000000070f000000|  0%| F|  |TAMS 0x000000070ee00000, 0x000000070ee00000| Untracked 
| 102|0x000000070f000000, 0x000000070f000000, 0x000000070f200000|  0%| F|  |TAMS 0x000000070f000000, 0x000000070f000000| Untracked 
| 103|0x000000070f200000, 0x000000070f200000, 0x000000070f400000|  0%| F|  |TAMS 0x000000070f200000, 0x000000070f200000| Untracked 
| 104|0x000000070f400000, 0x000000070f400000, 0x000000070f600000|  0%| F|  |TAMS 0x000000070f400000, 0x000000070f400000| Untracked 
| 105|0x000000070f600000, 0x000000070f600000, 0x000000070f800000|  0%| F|  |TAMS 0x000000070f600000, 0x000000070f600000| Untracked 
| 106|0x000000070f800000, 0x000000070f800000, 0x000000070fa00000|  0%| F|  |TAMS 0x000000070f800000, 0x000000070f800000| Untracked 
| 107|0x000000070fa00000, 0x000000070fa00000, 0x000000070fc00000|  0%| F|  |TAMS 0x000000070fa00000, 0x000000070fa00000| Untracked 
| 108|0x000000070fc00000, 0x000000070fc00000, 0x000000070fe00000|  0%| F|  |TAMS 0x000000070fc00000, 0x000000070fc00000| Untracked 
| 109|0x000000070fe00000, 0x000000070fe00000, 0x0000000710000000|  0%| F|  |TAMS 0x000000070fe00000, 0x000000070fe00000| Untracked 
| 110|0x0000000710000000, 0x0000000710000000, 0x0000000710200000|  0%| F|  |TAMS 0x0000000710000000, 0x0000000710000000| Untracked 
| 111|0x0000000710200000, 0x0000000710200000, 0x0000000710400000|  0%| F|  |TAMS 0x0000000710200000, 0x0000000710200000| Untracked 
| 112|0x0000000710400000, 0x0000000710400000, 0x0000000710600000|  0%| F|  |TAMS 0x0000000710400000, 0x0000000710400000| Untracked 
| 113|0x0000000710600000, 0x0000000710600000, 0x0000000710800000|  0%| F|  |TAMS 0x0000000710600000, 0x0000000710600000| Untracked 
| 114|0x0000000710800000, 0x0000000710800000, 0x0000000710a00000|  0%| F|  |TAMS 0x0000000710800000, 0x0000000710800000| Untracked 
| 115|0x0000000710a00000, 0x0000000710a00000, 0x0000000710c00000|  0%| F|  |TAMS 0x0000000710a00000, 0x0000000710a00000| Untracked 
| 116|0x0000000710c00000, 0x0000000710c00000, 0x0000000710e00000|  0%| F|  |TAMS 0x0000000710c00000, 0x0000000710c00000| Untracked 
| 117|0x0000000710e00000, 0x0000000710e00000, 0x0000000711000000|  0%| F|  |TAMS 0x0000000710e00000, 0x0000000710e00000| Untracked 
| 118|0x0000000711000000, 0x0000000711200000, 0x0000000711200000|100%| E|  |TAMS 0x0000000711000000, 0x0000000711000000| Complete 
| 119|0x0000000711200000, 0x0000000711400000, 0x0000000711400000|100%| E|CS|TAMS 0x0000000711200000, 0x0000000711200000| Complete 
| 120|0x0000000711400000, 0x0000000711600000, 0x0000000711600000|100%| E|CS|TAMS 0x0000000711400000, 0x0000000711400000| Complete 
| 121|0x0000000711600000, 0x0000000711800000, 0x0000000711800000|100%| E|CS|TAMS 0x0000000711600000, 0x0000000711600000| Complete 
| 122|0x0000000711800000, 0x0000000711a00000, 0x0000000711a00000|100%| E|CS|TAMS 0x0000000711800000, 0x0000000711800000| Complete 
| 123|0x0000000711a00000, 0x0000000711c00000, 0x0000000711c00000|100%| E|CS|TAMS 0x0000000711a00000, 0x0000000711a00000| Complete 
| 124|0x0000000711c00000, 0x0000000711dffcf8, 0x0000000711e00000| 99%| E|  |TAMS 0x0000000711c00000, 0x0000000711c00000| Complete 
| 125|0x0000000711e00000, 0x0000000712000000, 0x0000000712000000|100%| E|CS|TAMS 0x0000000711e00000, 0x0000000711e00000| Complete 
| 126|0x0000000712000000, 0x0000000712200000, 0x0000000712200000|100%| E|CS|TAMS 0x0000000712000000, 0x0000000712000000| Complete 

Card table byte_map: [0x0000027ce3210000,0x0000027ce3a00000] _byte_map_base: 0x0000027cdf9fe000

Marking Bits (Prev, Next): (CMBitMap*) 0x0000027cd0297890, (CMBitMap*) 0x0000027cd02978d0
 Prev Bits: [0x0000027ce41f0000, 0x0000027ce8160000)
 Next Bits: [0x0000027ce8160000, 0x0000027cec0d0000)

Polling page: 0x0000027ccdb80000

Metaspace:

Usage:
  Non-class:     10.25 MB used.
      Class:      1.03 MB used.
       Both:     11.28 MB used.

Virtual space:
  Non-class space:       64.00 MB reserved,      10.31 MB ( 16%) committed,  1 nodes.
      Class space:        1.00 GB reserved,       1.12 MB ( <1%) committed,  1 nodes.
             Both:        1.06 GB reserved,      11.44 MB (  1%) committed. 

Chunk freelists:
   Non-Class:  5.11 MB
       Class:  14.84 MB
        Both:  19.95 MB

MaxMetaspaceSize: unlimited
CompressedClassSpaceSize: 1.00 GB
Initial GC threshold: 21.00 MB
Current GC threshold: 21.00 MB
CDS: off
MetaspaceReclaimPolicy: balanced
 - commit_granule_bytes: 65536.
 - commit_granule_words: 8192.
 - virtual_space_node_default_size: 8388608.
 - enlarge_chunks_in_place: 1.
 - new_chunks_are_fully_committed: 0.
 - uncommit_free_chunks: 1.
 - use_allocation_guard: 0.
 - handle_deallocations: 1.


Internal statistics:

num_allocs_failed_limit: 0.
num_arena_births: 6.
num_arena_deaths: 0.
num_vsnodes_births: 2.
num_vsnodes_deaths: 0.
num_space_committed: 183.
num_space_uncommitted: 0.
num_chunks_returned_to_freelist: 0.
num_chunks_taken_from_freelist: 163.
num_chunk_merges: 0.
num_chunk_splits: 140.
num_chunks_enlarged: 134.
num_inconsistent_stats: 0.

CodeHeap 'non-profiled nmethods': size=120000Kb used=127Kb max_used=127Kb free=119872Kb
 bounds [0x0000027cdb1c0000, 0x0000027cdb430000, 0x0000027ce26f0000]
CodeHeap 'profiled nmethods': size=120000Kb used=941Kb max_used=941Kb free=119058Kb
 bounds [0x0000027cd36f0000, 0x0000027cd3960000, 0x0000027cdac20000]
CodeHeap 'non-nmethods': size=5760Kb used=1139Kb max_used=1150Kb free=4620Kb
 bounds [0x0000027cdac20000, 0x0000027cdae90000, 0x0000027cdb1c0000]
 total_blobs=927 nmethods=502 adapters=338
 compilation: enabled
              stopped_count=0, restarted_count=0
 full_count=0

Compilation events (20 events):
Event: 0.497 Thread 0x0000027cf30c8b00  482       3       java.security.SecureClassLoader$CodeSourceKey::<init> (10 bytes)
Event: 0.497 Thread 0x0000027cf30c8b00 nmethod 482 0x0000027cd37cb690 code [0x0000027cd37cb820, 0x0000027cd37cb9d8]
Event: 0.497 Thread 0x0000027cf30c8b00  483       3       java.security.SecureClassLoader$1::<init> (15 bytes)
Event: 0.497 Thread 0x0000027cf30c8b00 nmethod 483 0x0000027cd37cba90 code [0x0000027cd37cbc40, 0x0000027cd37cbe78]
Event: 0.497 Thread 0x0000027cf30c8b00  484       3       java.security.SecureClassLoader$CodeSourceKey::hashCode (21 bytes)
Event: 0.498 Thread 0x0000027cf30c8b00 nmethod 484 0x0000027cd37cbf10 code [0x0000027cd37cc0c0, 0x0000027cd37cc2a8]
Event: 0.498 Thread 0x0000027cf30c8b00  485       3       java.lang.ClassLoader::preDefineClass (118 bytes)
Event: 0.499 Thread 0x0000027cf30c8b00 nmethod 485 0x0000027cd37cc390 code [0x0000027cd37cc700, 0x0000027cd37cd998]
Event: 0.499 Thread 0x0000027cf30c8b00  492       3       sun.net.www.protocol.jar.Handler::checkNestedProtocol (18 bytes)
Event: 0.499 Thread 0x0000027cf30c8b00 nmethod 492 0x0000027cd37ce090 code [0x0000027cd37ce240, 0x0000027cd37ce428]
Event: 0.499 Thread 0x0000027cf30c8b00  493       3       sun.net.www.protocol.jar.Handler::parseContextSpec (150 bytes)
Event: 0.501 Thread 0x0000027cf30c8b00 nmethod 493 0x0000027cd37ce510 code [0x0000027cd37ce9a0, 0x0000027cd37d0698]
Event: 0.501 Thread 0x0000027cf30c8b00  486       3       java.lang.ClassLoader::checkCerts (121 bytes)
Event: 0.502 Thread 0x0000027cf30c8050  498       4       java.lang.String::lastIndexOf (29 bytes)
Event: 0.502 Thread 0x0000027cf30c8b00 nmethod 486 0x0000027cd37d1110 code [0x0000027cd37d1400, 0x0000027cd37d2208]
Event: 0.502 Thread 0x0000027cf30c8b00  487       3       java.lang.ClassLoader::defineClassSourceLocation (28 bytes)
Event: 0.502 Thread 0x0000027cf30c8b00 nmethod 487 0x0000027cd37d2790 code [0x0000027cd37d2960, 0x0000027cd37d2ce8]
Event: 0.502 Thread 0x0000027cf30c8b00  494       3       sun.net.www.protocol.jar.Handler::indexOfBangSlash (52 bytes)
Event: 0.503 Thread 0x0000027cf30c8b00 nmethod 494 0x0000027cd37d2e90 code [0x0000027cd37d3100, 0x0000027cd37d3bf8]
Event: 0.503 Thread 0x0000027cf30c8b00  495       3       sun.net.www.protocol.jar.Handler::canonicalizeString (72 bytes)

GC Heap History (0 events):
No events

Dll operation events (1 events):
Event: 0.006 Loaded shared library C:\Program Files\Android\Android Studio\jbr\bin\java.dll

Deoptimization events (20 events):
Event: 0.128 Thread 0x0000027cd0229810 DEOPT PACKING pc=0x0000027cd3706a0c sp=0x00000097378fd6c0
Event: 0.128 Thread 0x0000027cd0229810 DEOPT UNPACKING pc=0x0000027cdac77143 sp=0x00000097378fcb50 mode 0
Event: 0.129 Thread 0x0000027cd0229810 DEOPT PACKING pc=0x0000027cd3706a0c sp=0x00000097378fd6c0
Event: 0.129 Thread 0x0000027cd0229810 DEOPT UNPACKING pc=0x0000027cdac77143 sp=0x00000097378fcb50 mode 0
Event: 0.129 Thread 0x0000027cd0229810 DEOPT PACKING pc=0x0000027cd3706a0c sp=0x00000097378fd6c0
Event: 0.129 Thread 0x0000027cd0229810 DEOPT UNPACKING pc=0x0000027cdac77143 sp=0x00000097378fcb50 mode 0
Event: 0.129 Thread 0x0000027cd0229810 DEOPT PACKING pc=0x0000027cd3706a0c sp=0x00000097378fd6c0
Event: 0.129 Thread 0x0000027cd0229810 DEOPT UNPACKING pc=0x0000027cdac77143 sp=0x00000097378fcb50 mode 0
Event: 0.129 Thread 0x0000027cd0229810 DEOPT PACKING pc=0x0000027cd3706a0c sp=0x00000097378fd6c0
Event: 0.129 Thread 0x0000027cd0229810 DEOPT UNPACKING pc=0x0000027cdac77143 sp=0x00000097378fcb50 mode 0
Event: 0.176 Thread 0x0000027cd0229810 Uncommon trap: trap_request=0xffffff45 fr.pc=0x0000027cdb1c5b28 relative=0x0000000000000748
Event: 0.176 Thread 0x0000027cd0229810 Uncommon trap: reason=unstable_if action=reinterpret pc=0x0000027cdb1c5b28 method=java.util.zip.ZipFile$Source.checkAndAddEntry(II)I @ 50 c2
Event: 0.176 Thread 0x0000027cd0229810 DEOPT PACKING pc=0x0000027cdb1c5b28 sp=0x00000097378fe2b0
Event: 0.176 Thread 0x0000027cd0229810 DEOPT UNPACKING pc=0x0000027cdac769a3 sp=0x00000097378fe220 mode 2
Event: 0.256 Thread 0x0000027cd0229810 DEOPT PACKING pc=0x0000027cd3704d67 sp=0x00000097378fdcd0
Event: 0.256 Thread 0x0000027cd0229810 DEOPT UNPACKING pc=0x0000027cdac77143 sp=0x00000097378fd0f0 mode 0
Event: 0.284 Thread 0x0000027cd0229810 DEOPT PACKING pc=0x0000027cd37040d1 sp=0x00000097378f9b10
Event: 0.284 Thread 0x0000027cd0229810 DEOPT UNPACKING pc=0x0000027cdac77143 sp=0x00000097378f8f88 mode 0
Event: 0.494 Thread 0x0000027cd0229810 DEOPT PACKING pc=0x0000027cd378830b sp=0x00000097378fb280
Event: 0.494 Thread 0x0000027cd0229810 DEOPT UNPACKING pc=0x0000027cdac77143 sp=0x00000097378fa6e0 mode 0

Classes unloaded (0 events):
No events

Classes redefined (0 events):
No events

Internal exceptions (0 events):
No events

VM Operations (4 events):
Event: 0.139 Executing VM operation: HandshakeAllThreads
Event: 0.139 Executing VM operation: HandshakeAllThreads done
Event: 0.435 Executing VM operation: HandshakeAllThreads
Event: 0.435 Executing VM operation: HandshakeAllThreads done

Events (20 events):
Event: 0.434 loading class sun/net/www/MessageHeader
Event: 0.434 loading class sun/net/www/MessageHeader done
Event: 0.435 loading class sun/net/www/protocol/jar/URLJarFile
Event: 0.435 loading class sun/net/www/protocol/jar/URLJarFile done
Event: 0.435 loading class sun/net/www/protocol/jar/URLJarFile$URLJarFileEntry
Event: 0.435 loading class sun/net/www/protocol/jar/URLJarFile$URLJarFileEntry done
Event: 0.435 loading class sun/net/www/protocol/jar/JarURLConnection$JarURLInputStream
Event: 0.435 loading class sun/net/www/protocol/jar/JarURLConnection$JarURLInputStream done
Event: 0.436 loading class java/util/ServiceLoader$1
Event: 0.436 loading class java/util/ServiceLoader$1 done
Event: 0.436 loading class java/util/ServiceLoader$ProviderImpl
Event: 0.436 loading class java/util/ServiceLoader$Provider
Event: 0.436 loading class java/util/ServiceLoader$Provider done
Event: 0.436 loading class java/util/ServiceLoader$ProviderImpl done
Event: 0.480 loading class java/util/Collections$SingletonList
Event: 0.480 loading class java/util/Collections$SingletonList done
Event: 0.488 loading class java/util/Collections$UnmodifiableList
Event: 0.488 loading class java/util/Collections$UnmodifiableList done
Event: 0.488 loading class java/util/Collections$UnmodifiableRandomAccessList
Event: 0.488 loading class java/util/Collections$UnmodifiableRandomAccessList done


Dynamic libraries:
0x00007ff73eab0000 - 0x00007ff73eaba000 	C:\Program Files\Android\Android Studio\jbr\bin\java.exe
0x00007ffbd0930000 - 0x00007ffbd0b47000 	C:\Windows\SYSTEM32\ntdll.dll
0x00007ffbd0040000 - 0x00007ffbd0104000 	C:\Windows\System32\KERNEL32.DLL
0x00007ffbcde10000 - 0x00007ffbce1b7000 	C:\Windows\System32\KERNELBASE.dll
0x00007ffbcdcf0000 - 0x00007ffbcde01000 	C:\Windows\System32\ucrtbase.dll
0x00007ffbbd260000 - 0x00007ffbbd277000 	C:\Program Files\Android\Android Studio\jbr\bin\jli.dll
0x00007ffbc87f0000 - 0x00007ffbc880b000 	C:\Program Files\Android\Android Studio\jbr\bin\VCRUNTIME140.dll
0x00007ffbcee80000 - 0x00007ffbcf02e000 	C:\Windows\System32\USER32.dll
0x00007ffbb5fd0000 - 0x00007ffbb6263000 	C:\Windows\WinSxS\amd64_microsoft.windows.common-controls_6595b64144ccf1df_6.0.22621.3527_none_270e469b73872a76\COMCTL32.dll
0x00007ffbce4c0000 - 0x00007ffbce4e6000 	C:\Windows\System32\win32u.dll
0x00007ffbcfde0000 - 0x00007ffbcfe87000 	C:\Windows\System32\msvcrt.dll
0x00007ffbd03f0000 - 0x00007ffbd0419000 	C:\Windows\System32\GDI32.dll
0x00007ffbce1c0000 - 0x00007ffbce2d9000 	C:\Windows\System32\gdi32full.dll
0x00007ffbcdc50000 - 0x00007ffbcdcea000 	C:\Windows\System32\msvcp_win.dll
0x00007ffbd02e0000 - 0x00007ffbd0311000 	C:\Windows\System32\IMM32.DLL
0x00007ffbd0330000 - 0x00007ffbd038e000 	C:\Windows\System32\SHLWAPI.dll
0x00007ffbb0df0000 - 0x00007ffbb0e40000 	C:\Windows\SYSTEM32\pdh.dll
0x00007ffbcf0c0000 - 0x00007ffbcf1d5000 	C:\Windows\System32\RPCRT4.dll
0x00007ffbd0640000 - 0x00007ffbd06f2000 	C:\Windows\System32\advapi32.dll
0x00007ffbce950000 - 0x00007ffbce9f8000 	C:\Windows\System32\sechost.dll
0x00007ffbce630000 - 0x00007ffbce658000 	C:\Windows\System32\bcrypt.dll
0x00007ffbcaa60000 - 0x00007ffbcaa6c000 	C:\Program Files\Android\Android Studio\jbr\bin\vcruntime140_1.dll
0x00007ffbae860000 - 0x00007ffbae8ed000 	C:\Program Files\Android\Android Studio\jbr\bin\msvcp140.dll
0x00007ffb8aa20000 - 0x00007ffb8b6a3000 	C:\Program Files\Android\Android Studio\jbr\bin\server\jvm.dll
0x00007ffbcd4a0000 - 0x00007ffbcd4ed000 	C:\Windows\SYSTEM32\POWRPROF.dll
0x00007ffbc6ca0000 - 0x00007ffbc6cd4000 	C:\Windows\SYSTEM32\WINMM.dll
0x00007ffbcaab0000 - 0x00007ffbcaab9000 	C:\Windows\SYSTEM32\WSOCK32.dll
0x00007ffbc5c50000 - 0x00007ffbc5c5a000 	C:\Windows\SYSTEM32\VERSION.dll
0x00007ffbce7c0000 - 0x00007ffbce831000 	C:\Windows\System32\WS2_32.dll
0x00007ffbcd460000 - 0x00007ffbcd473000 	C:\Windows\SYSTEM32\UMPDC.dll
0x00007ffbccc30000 - 0x00007ffbccc48000 	C:\Windows\SYSTEM32\kernel.appcore.dll
0x00007ffbc8c90000 - 0x00007ffbc8c9a000 	C:\Program Files\Android\Android Studio\jbr\bin\jimage.dll
0x00007ffbcb470000 - 0x00007ffbcb6a2000 	C:\Windows\SYSTEM32\DBGHELP.DLL
0x00007ffbcfa50000 - 0x00007ffbcfdd8000 	C:\Windows\System32\combase.dll
0x00007ffbce6e0000 - 0x00007ffbce7b7000 	C:\Windows\System32\OLEAUT32.dll
0x00007ffbc8c50000 - 0x00007ffbc8c82000 	C:\Windows\SYSTEM32\dbgcore.DLL
0x00007ffbce4f0000 - 0x00007ffbce569000 	C:\Windows\System32\bcryptPrimitives.dll
0x00007ffbc6d90000 - 0x00007ffbc6db5000 	C:\Program Files\Android\Android Studio\jbr\bin\java.dll
0x00007ffbbee50000 - 0x00007ffbbee68000 	C:\Program Files\Android\Android Studio\jbr\bin\zip.dll
0x00007ffbcf1f0000 - 0x00007ffbcfa4c000 	C:\Windows\System32\SHELL32.dll
0x00007ffbcbb40000 - 0x00007ffbcc436000 	C:\Windows\SYSTEM32\windows.storage.dll
0x00007ffbcba00000 - 0x00007ffbcbb3e000 	C:\Windows\SYSTEM32\wintypes.dll
0x00007ffbce850000 - 0x00007ffbce945000 	C:\Windows\System32\SHCORE.dll
0x00007ffbcdb80000 - 0x00007ffbcdba1000 	C:\Windows\SYSTEM32\profapi.dll
0x00007ffbbeb30000 - 0x00007ffbbeb49000 	C:\Program Files\Android\Android Studio\jbr\bin\net.dll
0x00007ffbc7440000 - 0x00007ffbc7576000 	C:\Windows\SYSTEM32\WINHTTP.dll
0x00007ffbcd090000 - 0x00007ffbcd0f9000 	C:\Windows\system32\mswsock.dll
0x00007ffbbeb10000 - 0x00007ffbbeb26000 	C:\Program Files\Android\Android Studio\jbr\bin\nio.dll

dbghelp: loaded successfully - version: 4.0.5 - missing functions: none
symbol engine: initialized successfully - sym options: 0x614 - pdb path: .;C:\Program Files\Android\Android Studio\jbr\bin;C:\Windows\SYSTEM32;C:\Windows\WinSxS\amd64_microsoft.windows.common-controls_6595b64144ccf1df_6.0.22621.3527_none_270e469b73872a76;C:\Program Files\Android\Android Studio\jbr\bin\server

VM Arguments:
java_command: org.jetbrains.kotlin.cli.jvm.K2JVMCompiler @C:\Users\ASUS GAMING\AndroidStudioProjects\MyDrafts\app\build\20241104_8381253162020575949.compiler.options
java_class_path (initial): C:\Users\ASUS GAMING\.gradle\caches\modules-2\files-2.1\org.jetbrains.kotlin\kotlin-compiler-embeddable\1.9.0\2c8c3a7402becca891f12739b3e9fd2dc2adbd7a\kotlin-compiler-embeddable-1.9.0.jar;C:\Users\ASUS GAMING\.gradle\caches\modules-2\files-2.1\org.jetbrains.kotlin\kotlin-stdlib\1.9.0\8ee15ef0c67dc83d874f412d84378d7f0eb50b63\kotlin-stdlib-1.9.0.jar;C:\Users\ASUS GAMING\.gradle\caches\modules-2\files-2.1\org.jetbrains.kotlin\kotlin-script-runtime\1.9.0\4b3102cbbb7e1b58d9d1adf89563f00069ffa7d1\kotlin-script-runtime-1.9.0.jar;C:\Users\ASUS GAMING\.gradle\caches\modules-2\files-2.1\org.jetbrains.kotlin\kotlin-reflect\1.6.10\1cbe9c92c12a94eea200d23c2bbaedaf3daf5132\kotlin-reflect-1.6.10.jar;C:\Users\ASUS GAMING\.gradle\caches\modules-2\files-2.1\org.jetbrains.kotlin\kotlin-daemon-embeddable\1.9.0\186543f5e28cf8d9a0290fecc2cf34301c40a65c\kotlin-daemon-embeddable-1.9.0.jar;C:\Users\ASUS GAMING\.gradle\caches\modules-2\files-2.1\org.jetbrains.intellij.deps\trove4j\1.0.20200330\3afb14d5f9ceb459d724e907a21145e8ff394f02\trove4j-1.0.20200330.jar;C:\Users\ASUS GAMING\.gradle\caches\modules-2\files-2.1\org.jetbrains.kotlin\kotlin-stdlib-common\1.9.0\cd65c21cfd1eec4d44ef09f9f52b6d9f8a720636\kotlin-stdlib-common-1.9.0.jar;C:\Users\ASUS GAMING\.gradle\caches\modules-2\files-2.1\org.jetbrains\annotations\13.0\919f0dfe192fb4e063e7dacadee7f8bb9a2672a9\annotations-13.0.jar
Launcher Type: SUN_STANDARD

[Global flags]
     intx CICompilerCount                          = 4                                         {product} {ergonomic}
     uint ConcGCThreads                            = 2                                         {product} {ergonomic}
     uint G1ConcRefinementThreads                  = 8                                         {product} {ergonomic}
   size_t G1HeapRegionSize                         = 2097152                                   {product} {ergonomic}
    uintx GCDrainStackTargetSize                   = 64                                        {product} {ergonomic}
   size_t InitialHeapSize                          = 266338304                                 {product} {ergonomic}
   size_t MarkStackSize                            = 4194304                                   {product} {ergonomic}
   size_t MaxHeapSize                              = 4257218560                                {product} {ergonomic}
   size_t MaxNewSize                               = 2554331136                                {product} {ergonomic}
   size_t MinHeapDeltaBytes                        = 2097152                                   {product} {ergonomic}
   size_t MinHeapSize                              = 8388608                                   {product} {ergonomic}
    uintx NonNMethodCodeHeapSize                   = 5839372                                {pd product} {ergonomic}
    uintx NonProfiledCodeHeapSize                  = 122909434                              {pd product} {ergonomic}
    uintx ProfiledCodeHeapSize                     = 122909434                              {pd product} {ergonomic}
    uintx ReservedCodeCacheSize                    = 251658240                              {pd product} {ergonomic}
     bool SegmentedCodeCache                       = true                                      {product} {ergonomic}
   size_t SoftMaxHeapSize                          = 4257218560                             {manageable} {ergonomic}
     bool UseCompressedClassPointers               = true                           {product lp64_product} {ergonomic}
     bool UseCompressedOops                        = true                           {product lp64_product} {ergonomic}
     bool UseG1GC                                  = true                                      {product} {ergonomic}
     bool UseLargePagesIndividualAllocation        = false                                  {pd product} {ergonomic}

Logging:
Log output configuration:
 #0: stdout all=warning uptime,level,tags
 #1: stderr all=off uptime,level,tags

Environment Variables:
PATH=C:\Windows\system32;C:\Windows;C:\Windows\System32\Wbem;C:\Windows\System32\WindowsPowerShell\v1.0\;C:\Program Files\NVIDIA Corporation\NVIDIA NvDLISR;C:\Program Files (x86)\NVIDIA Corporation\PhysX\Common;C:\Program Files\dotnet\;C:\Users\ASUS GAMING\AppData\Local\Programs\Python\Launcher\;C:\Users\ASUS GAMING\AppData\Local\Microsoft\WindowsApps
USERNAME=ASUS GAMING
OS=Windows_NT
PROCESSOR_IDENTIFIER=Intel64 Family 6 Model 158 Stepping 10, GenuineIntel
TMP=C:\Users\ASUSGA~1\AppData\Local\Temp
TEMP=C:\Users\ASUSGA~1\AppData\Local\Temp



Periodic native trim disabled

JNI global refs:
JNI global refs: 9, weak refs: 0

JNI global refs memory usage: 843, weak refs: 841

OOME stack traces (most recent first):
Classloader memory used:
Loader bootstrap                                                                       : 907K
Loader jdk.internal.loader.ClassLoaders$AppClassLoader                                 : 541K


---------------  S Y S T E M  ---------------

OS:
 Windows 11 , 64 bit Build 22621 (10.0.22621.3527)
OS uptime: 0 days 8:31 hours
Hyper-V role detected

CPU: total 8 (initial active 8) (4 cores per cpu, 2 threads per core) family 6 model 158 stepping 10 microcode 0xde, cx8, cmov, fxsr, ht, mmx, 3dnowpref, sse, sse2, sse3, ssse3, sse4.1, sse4.2, popcnt, lzcnt, tsc, tscinvbit, avx, avx2, aes, erms, clmul, bmi1, bmi2, adx, fma, vzeroupper, clflush, clflushopt, hv
Processor Information for all 8 processors :
  Max Mhz: 2304, Current Mhz: 2304, Mhz Limit: 2304

Memory: 4k page, system-wide physical 16236M (758M free)
TotalPageFile size 38769M (AvailPageFile size 3M)
current process WorkingSet (physical memory assigned to process): 66M, peak: 66M
current process commit charge ("private bytes"): 346M, peak: 348M

vm_info: OpenJDK 64-Bit Server VM (17.0.9+0--11185874) for windows-amd64 JRE (17.0.9+0--11185874), built on Dec  6 2023 18:57:44 by "androidbuild" with MS VC++ 16.10 / 16.11 (VS2019)

END.
